<?xml version="1.0" encoding="UTF-8"?>
<testsuite name="client.SearchClientTest" tests="3" skipped="0" failures="0" errors="0" timestamp="2021-05-23T20:50:58" hostname="apples-iMac.local" time="0.019">
  <properties/>
  <testcase name="runSearchFails" classname="client.SearchClientTest" time="0.017"/>
  <testcase name="runSearchSuccessful" classname="client.SearchClientTest" time="0.001"/>
  <testcase name="checkLocationSuccessful" classname="client.SearchClientTest" time="0.001"/>
  <system-out><![CDATA[]]></system-out>
  <system-err><![CDATA[]]></system-err>
</testsuite>
